<?xml version="1.0" encoding="UTF-8"?>
<!-- Generated by org.testng.reporters.JUnitReportReporter -->
<testsuite skipped="0" hostname="Mushroom-Clouds-MacBook-Pro.local" name="prosnappictests.forgotpasswordtests" tests="1" failures="0" timestamp="11 Jul 2019 09:50:24 GMT" time="13.778" errors="0">
  <testcase name="regd" time="13.778" classname="prosnappictests.forgotpasswordtests"/>
</testsuite> <!-- prosnappictests.forgotpasswordtests -->
