<?xml version="1.0" encoding="UTF-8"?>
<!-- Generated by org.testng.reporters.JUnitReportReporter -->
<testsuite skipped="0" hostname="mani" name="demobanktest.newbanktest" tests="1" failures="0" timestamp="28 Sep 2018 14:13:28 GMT" time="31.035" errors="0">
  <testcase name="ate" time="31.035" classname="demobanktest.newbanktest"/>
</testsuite> <!-- demobanktest.newbanktest -->
