<?xml version="1.0" encoding="UTF-8"?>
<!-- Generated by org.testng.reporters.JUnitReportReporter -->
<testsuite skipped="0" hostname="Mushroom-Clouds-MacBook-Pro.local" name="prosnappictests.myprofilesettings" tests="1" failures="0" timestamp="16 Jul 2019 11:50:37 GMT" time="73.181" errors="0">
  <testcase name="regd" time="73.181" classname="prosnappictests.myprofilesettings"/>
</testsuite> <!-- prosnappictests.myprofilesettings -->
