<?xml version="1.0" encoding="UTF-8"?>
<!-- Generated by org.testng.reporters.JUnitReportReporter -->
<testsuite skipped="0" hostname="Mushroom-Clouds-MacBook-Pro.local" name="prosnappictests.registerverify" tests="1" failures="0" timestamp="11 Jul 2019 09:01:50 GMT" time="30.667" errors="0">
  <testcase name="regd" time="30.667" classname="prosnappictests.registerverify"/>
</testsuite> <!-- prosnappictests.registerverify -->
