<?xml version="1.0" encoding="UTF-8"?>
<!-- Generated by org.testng.reporters.JUnitReportReporter -->
<testsuite name="moi.master2" tests="3" time="22.593" ignored="0" failures="0" timestamp="06 Dec 2018 10:36:29 GMT" skipped="0" hostname="mani" errors="0">
  <testcase name="fdd" time="9.573" classname="moi.master2"/>
  <testcase name="joim" time="8.520" classname="moi.master2"/>
  <testcase name="fgt" time="4.500" classname="moi.master2"/>
</testsuite> <!-- moi.master2 -->
