<?xml version="1.0" encoding="UTF-8"?>
<!-- Generated by org.testng.reporters.JUnitReportReporter -->
<testsuite name="demofreecrm.freecrmcontact" tests="4" time="98.498" ignored="0" failures="0" timestamp="09 Oct 2018 13:05:03 GMT" skipped="0" hostname="mani" errors="0">
  <testcase name="fgd" time="23.050" classname="demofreecrm.freecrmcontact"/>
  <testcase name="fgd" time="26.318" classname="demofreecrm.freecrmcontact"/>
  <testcase name="fgd" time="29.096" classname="demofreecrm.freecrmcontact"/>
  <testcase name="fgd" time="20.034" classname="demofreecrm.freecrmcontact"/>
</testsuite> <!-- demofreecrm.freecrmcontact -->
