<?xml version="1.0" encoding="UTF-8"?>
<!-- Generated by org.testng.reporters.JUnitReportReporter -->
<testsuite name="moi.master1" tests="2" time="13.674" ignored="0" failures="0" timestamp="06 Dec 2018 10:21:02 GMT" skipped="0" hostname="mani" errors="0">
  <testcase name="fdd" time="9.180" classname="moi.master1"/>
  <testcase name="fgt" time="4.494" classname="moi.master1"/>
</testsuite> <!-- moi.master1 -->
