<?xml version="1.0" encoding="UTF-8"?>
<!-- Generated by org.testng.reporters.JUnitReportReporter -->
<testsuite name="orangetst.orangetests" tests="1" time="11.172" ignored="0" failures="0" timestamp="10 Oct 2018 13:31:09 GMT" skipped="0" hostname="mani" errors="0">
  <testcase name="frrop" time="11.172" classname="orangetst.orangetests"/>
</testsuite> <!-- orangetst.orangetests -->
