<?xml version="1.0" encoding="UTF-8"?>
<!-- Generated by org.testng.reporters.JUnitReportReporter -->
<testsuite name="demobanktest.newbanktest" tests="1" time="38.248" ignored="0" failures="0" timestamp="09 Oct 2018 13:05:03 GMT" skipped="0" hostname="mani" errors="0">
  <testcase name="ate" time="38.248" classname="demobanktest.newbanktest"/>
</testsuite> <!-- demobanktest.newbanktest -->
