<?xml version="1.0" encoding="UTF-8"?>
<!-- Generated by org.testng.reporters.JUnitReportReporter -->
<testsuite name="com.customercareweb.customertests" tests="10" time="77.510" ignored="0" failures="0" timestamp="12 Dec 2018 09:57:47 GMT" skipped="1" hostname="mani" errors="0">
  <testcase name="fkau" time="2.553" classname="com.customercareweb.customertests"/>
  <testcase name="oi" time="12.756" classname="com.customercareweb.customertests"/>
  <testcase name="fg" time="5.128" classname="com.customercareweb.customertests"/>
  <testcase name="hj" time="17.338" classname="com.customercareweb.customertests"/>
  <testcase name="hu" time="2.106" classname="com.customercareweb.customertests"/>
  <testcase name="jui" time="6.648" classname="com.customercareweb.customertests"/>
  <testcase name="joi" time="13.955" classname="com.customercareweb.customertests"/>
  <testcase name="panter" time="12.827" classname="com.customercareweb.customertests"/>
  <testcase name="lop" time="4.199" classname="com.customercareweb.customertests"/>
  <testcase name="fgd" time="0.000" classname="com.customercareweb.customertests">
    <skipped/>
  </testcase> <!-- fgd -->
</testsuite> <!-- com.customercareweb.customertests -->
