<?xml version="1.0" encoding="UTF-8"?>
<!-- Generated by org.testng.reporters.JUnitReportReporter -->
<testsuite skipped="0" hostname="mani" name="makemytriptests.windows" tests="1" failures="0" timestamp="25 Apr 2019 10:58:00 GMT" time="11.227" errors="0">
  <testcase name="jj" time="11.227" classname="makemytriptests.windows"/>
</testsuite> <!-- makemytriptests.windows -->
