<?xml version="1.0" encoding="UTF-8"?>
<!-- Generated by org.testng.reporters.JUnitReportReporter -->
<testsuite skipped="0" hostname="mani" name="makemytriptests.hometest" tests="2" failures="0" timestamp="23 Apr 2019 11:37:12 GMT" time="57.598" errors="0">
  <testcase name="hj" time="28.955" classname="makemytriptests.hometest"/>
  <testcase name="trop" time="28.643" classname="makemytriptests.hometest"/>
</testsuite> <!-- makemytriptests.hometest -->
