<?xml version="1.0" encoding="UTF-8"?>
<!-- Generated by org.testng.reporters.JUnitReportReporter -->
<testsuite skipped="0" hostname="mani" name="demobanktest.newbanktest" tests="1" failures="0" timestamp="29 Sep 2018 08:24:15 GMT" time="32.109" errors="0">
  <testcase name="ate" time="32.109" classname="demobanktest.newbanktest"/>
</testsuite> <!-- demobanktest.newbanktest -->
