<?xml version="1.0" encoding="UTF-8"?>
<!-- Generated by org.testng.reporters.JUnitReportReporter -->
<testsuite hostname="manideeps-MacBook-Pro.local" name="TestSeleniumdemo.Apptest" tests="1" failures="0" timestamp="28 Nov 2019 10:44:20 GMT" time="32.897" errors="0">
  <testcase name="demo" time="32.897" classname="TestSeleniumdemo.Apptest"/>
</testsuite> <!-- TestSeleniumdemo.Apptest -->
